<?xml version="1.0" encoding="UTF-8"?>
<!-- Generated by org.testng.reporters.JUnitXMLReporter -->
<testsuite ignored="0" hostname="DESKTOP-0NRJC3U" failures="0" tests="6" name="Default test" time="14.189" errors="0" timestamp="2023-07-26T23:03:55 IST">
  <testcase classname="api.test.Test_user_DD" name="test_user_create" time="4.774"/>
  <testcase classname="api.test.Test_user_DD" name="test_user_create" time="1.159"/>
  <testcase classname="api.test.Test_user_DD" name="test_user_create" time="1.113"/>
  <testcase classname="api.test.Test_user_DD" name="teset_user_delete" time="1.166"/>
  <testcase classname="api.test.Test_user_DD" name="teset_user_delete" time="1.123"/>
  <testcase classname="api.test.Test_user_DD" name="teset_user_delete" time="1.108"/>
</testsuite> <!-- Default test -->
