<?xml version="1.0" encoding="UTF-8"?>
<testng-results ignored="0" total="4" passed="4" failed="0" skipped="0">
  <reporter-output>
  </reporter-output>
  <suite started-at="2023-07-31T13:56:56 IST" name="Suite" finished-at="2023-07-31T13:57:02 IST" duration-ms="6154">
    <groups>
    </groups>
    <test started-at="2023-07-31T13:56:56 IST" name="Test" finished-at="2023-07-31T13:57:02 IST" duration-ms="6154">
      <class name="api.test.Test_user_001">
        <test-method is-config="true" signature="dataSetUp()[pri:0, instance:api.test.Test_user_001@5fdcaa40]" started-at="2023-07-31T13:56:56 IST" name="dataSetUp" finished-at="2023-07-31T13:56:57 IST" duration-ms="489" status="PASS">
          <reporter-output>
          </reporter-output>
        </test-method> <!-- dataSetUp -->
        <test-method signature="test_user_update_001()[pri:3, instance:api.test.Test_user_001@5fdcaa40]" started-at="2023-07-31T13:56:57 IST" name="test_user_update_001" finished-at="2023-07-31T13:57:01 IST" duration-ms="4645" status="PASS">
          <reporter-output>
          </reporter-output>
        </test-method> <!-- test_user_update_001 -->
        <test-method signature="test_user_get_001()[pri:2, instance:api.test.Test_user_001@5fdcaa40]" started-at="2023-07-31T13:56:57 IST" name="test_user_get_001" finished-at="2023-07-31T13:57:02 IST" duration-ms="5176" status="PASS">
          <reporter-output>
          </reporter-output>
        </test-method> <!-- test_user_get_001 -->
        <test-method signature="test_user_delete_001()[pri:4, instance:api.test.Test_user_001@5fdcaa40]" started-at="2023-07-31T13:56:57 IST" name="test_user_delete_001" finished-at="2023-07-31T13:57:01 IST" duration-ms="4599" status="PASS">
          <reporter-output>
          </reporter-output>
        </test-method> <!-- test_user_delete_001 -->
        <test-method signature="test_user_create_001()[pri:1, instance:api.test.Test_user_001@5fdcaa40]" started-at="2023-07-31T13:56:57 IST" name="test_user_create_001" finished-at="2023-07-31T13:57:01 IST" duration-ms="4644" status="PASS">
          <reporter-output>
          </reporter-output>
        </test-method> <!-- test_user_create_001 -->
      </class> <!-- api.test.Test_user_001 -->
    </test> <!-- Test -->
  </suite> <!-- Suite -->
</testng-results>
