<?xml version="1.0" encoding="UTF-8"?>
<!-- Generated by org.testng.reporters.JUnitXMLReporter -->
<testsuite ignored="0" hostname="DESKTOP-0NRJC3U" failures="0" tests="4" name="Test" time="6.154" errors="0" timestamp="2023-07-31T13:57:02 IST">
  <testcase classname="api.test.Test_user_001" name="test_user_delete_001" time="4.599"/>
  <testcase classname="api.test.Test_user_001" name="test_user_update_001" time="4.645"/>
  <testcase classname="api.test.Test_user_001" name="test_user_create_001" time="4.644"/>
  <testcase classname="api.test.Test_user_001" name="test_user_get_001" time="5.176"/>
</testsuite> <!-- Test -->
